======================================================
 - pinning rule in use   : PINNING_RULE_MCALC_SKIP_ALL
 - desired group         : 0, sockets = 0
 - num cores available   : 12
 - num accessible procs  : 12
 - num logical procs     : 12
 - affinity (main thread): 111111 111111 
 - sockets               : 0
 - potential cores       : 0,2,4,6,8,10
 - affinity              : 111111
 - active cores          : 0,2,4,6,8,10
 - hyperthreading        : on
 - allowed socket ids    : 0
 - allowed core ids      : 0,2,4,6,8,10
 - used mask (string)    : 101010 101010 
======================================================

========================================================================
Processing CAD model (for field results)
	[Improved internal geometry representation]
	[Accuracy improvement for long shapes in inhomogeneous mesh regions]
Version 2019.0 (build 20180920)
PBA version 2018092019
2022 Nov 29 (Tue): 23:24:11
========================================================================

===========================================
Finished CAD processing (for field results)
===========================================

========================================================================
Processing CAD model
	[Improved internal geometry representation]
	[Accuracy improvement for long shapes in inhomogeneous mesh regions]
Version 2019.0 (build 20180920)
PBA version 2018092019
2022 Nov 29 (Tue): 23:24:12
========================================================================

----------------------------------------------
Used point accuracy enhancement value: 75.00%.
----------------------------------------------

=============================================================================
Mesh statistics:
-----------------------------------------------------------------------------
Minimum edge length (x): 0.226 @ mesh line 22 (x)
Maximum edge length (x): 3.14 @ mesh line 42 (x)
Minimum face area (x): 0.0566 @ mesh lines 6 | 9 (y | z)
Maximum face area (x): 9.3 @ mesh lines 39 | 19 (y | z)
Minimum edge length (y): 0.238 @ mesh line 6 (y)
Maximum edge length (y): 3.17 @ mesh line 39 (y)
Minimum face area (y): 0.0538 @ mesh lines 9 | 22 (z | x)
Maximum face area (y): 9.2 @ mesh lines 19 | 42 (z | x)
Minimum edge length (z): 0.238 @ mesh line 9 (z)
Maximum edge length (z): 2.93 @ mesh line 19 (z)
Minimum face area (z): 0.0538 @ mesh lines 22 | 6 (x | y)
Maximum face area (z): 9.95 @ mesh lines 42 | 39 (x | y)
Maximum mesh face aspect ratio (x): 13.3 : 1.0  @ mesh lines 39 | 9 (y | z)
Maximum mesh face aspect ratio (y): 13.2 : 1.0  @ mesh lines 9 | 42 (z | x)
Maximum mesh face aspect ratio (z): 14 : 1.0  @ mesh lines 22 | 39 (x | y)
=============================================================================

=============================================================================
Available resources to store TST cells: 2147445763 (5668476.83% of mesh size)
=============================================================================

==================================================================================================
== CST Matrix Calculation Priority Log                                                          ==
==================================================================================================
 
Priorities are sorted in ascending order beginning with the lowest priority
 
Priority:   1, shape   1: component1:solid1, material: PEC, float:   0.00e+00, wire: false, sheet: false, human: false, PEC:  true, SI: false, face port:   0, feature ID:      -1
 
==================================================================================================
 
====================================================
PBA version: default
Geo accuracy: 75.000000
PEC background is represented by CAD geometry: false
Watertightness check: true
Self intersection check: false
Inheritance (all): false
Normal dominance (all): false
Normal dominance (ports): false
Flanges hollow: true
One shape per flange: false
====================================================
=======================
Finished CAD processing
=======================

------------------------------------------------------------
Parallelization Info
------------------------------------------------------------
Number of concurrent threads: 1
Number of node domains: 1
Number of mesh fill domains: 2
Memory downscale: 1
CPU load: 16.67%
Emptiness: 0.00%
Hex mesh complexity: 0.03
Geometric complexity: 0.00
------------------------------------------------------------
Node order
0
------------------------------------------------------------

1xN000:  <<<<<<<<<<<<<<<<<<<<<<<<
         2022 Nov29 (Tue): 232414
         <<<<<<<<<<<<<<<<<<<<<<<<

1xN000:  ======================================================
          - pinning rule in use   : PINNING_RULE_MCALC_SKIP_ALL
          - desired group         : 0, sockets = 0
          - num cores available   : 12
          - num accessible procs  : 12
          - num logical procs     : 12
          - affinity (main thread): 111111 111111
          - sockets               : 0
          - potential cores       : 0,2,4,6,8,10
          - affinity              : 111111
          - active cores          : 0,2,4,6,8,10
          - hyperthreading        : on
          - allowed socket ids    : 0
          - allowed core ids      : 0,2,4,6,8,10
          - used mask (string)    : 101010 101010

         ======================================================

1xN000:  =======================================
         Matrix computation (PBA)
         	[Gaps between metals are preserved]
         	[PBA version: default]
         Version 2019.0 (build 20180920)
         PBA version 2018092019
         2022 Nov 29 (Tue): 23:24:14
         =======================================

1xN000:  ----------------------------------------------
         Used point accuracy enhancement value: 75.00%.
         ----------------------------------------------

1xN000:  Shapes are ordered to support shape wise matrix storage
1xN000:  ==================================================================================================
         == CST Matrix Calculation Priority Log                                                          ==
         ==================================================================================================

         Priorities are sorted in ascending order beginning with the lowest priority

         Priority:   3, shape   1: component1:solid1, material: PEC

         ==================================================================================================

1xN000:  Gap-Detection activated for FARM-topology. Gaps are resolved, even partially.: gap tolerance value is 0.001 and mesh geometry scale is 0.001
1xN000:  ccccccccccccccccccccccccccccccccccccccccccccccccccccccccccccccccccccc
         FARM/Meshfill cache is set to 8 (local FI domains: 2, dynamic: false)
         ccccccccccccccccccccccccccccccccccccccccccccccccccccccccccccccccccccc

1xN000:  ------------------------------------------------------------------------------
         PBA fill limit is applied in inverse mode.
         PBA fill limit is applied on faces filled with at least 99.00% metal material.
         --------------------------------------------------------------
         detailed accuracy settings:
         --------------------------------------------------------------
         augmented fill limit:       true
         augmented fill limit value: 99.00
         automatic fill limit:       true
         early fill limit:           true
         inverse fill limit:         true
         model complexity:           0.00
         legacy 2015:                false
         fixed point accuracy:       false
         minimum point accuracy:     0
         mesh step inheritance:      false
         accuracy mode:
         ------------------------------------------------------------------------------

1xN000:  discrete edge port "1" is connected to metal material.
1xN000:  ----------------------------------------------------------------
         The following discrete edge port is connected to metal material:
         	1
         ----------------------------------------------------------------

1xN000:  =================================
         Finished matrix computation (PBA)
         =================================

1xN000:  >>>>>>>>>>>>>>>>>>>>>>>>
         2022 Nov29 (Tue): 232419
         >>>>>>>>>>>>>>>>>>>>>>>>



--------------------------------
# of staircase filled cells: 0
# of staircase filled areas: 0
# of staircase filled edges: 0
# of faces above fill limit: 0
# of edges with FPBA topology: 0
--------------------------------

