29/Nov/2022 23:24:05  *** Warning ***
                      
                      The monitor loss (f=5.5) is only available for dielectric or magnetic losses
                      and will be ignored.
                      
                      ------------------------------------------------------------------------------
29/Nov/2022 23:24:06  The following farfield monitor(s) have been adjusted to model box [-26.7046,
                      26.7046, -24.2127, 26.6139, -0.713979, 0.713979].
                        farfield (f=5.5)
                      
                      ------------------------------------------------------------------------------
29/Nov/2022 23:24:07  
                      Solver started at: 11:24 PM Tuesday, 29. November 2022 (Bangladesh Standard Time)
                      
                        Module:  Time Domain: S-Parameter (Win 64)
                        Version: 2019.0 Release from 2018-09-20 (change 633648)
                      

                      ------------------------------------------------------------------------------

                      ------------------------------------------------------------------------------
29/Nov/2022 23:24:07  ======================================================================
                       Solver cycle: 1
                      ======================================================================
                      
                      Stimulation at discrete port 1 
                      
                      
                      
                      ------------------------------------------------------------------------------
29/Nov/2022 23:24:08  Units settings: 
                      
                        Dimensions: mm
                        Frequency:  GHz
                        Time:       ns
                      
                      ------------------------------------------------------------------------------
29/Nov/2022 23:24:21  The following discrete edge port is connected to metal material:
                      	1
                      
                      ------------------------------------------------------------------------------
29/Nov/2022 23:24:21  Mesh statistics:
                      
                         Hexahedral mesh type: PBA [Version: default]
                      
                         Parallelization type: domain decomposition
                            Number of parallel working threads: 1
                            Number of calculation domains used: 1
                      
                         Used point accuracy enhancement value: 75.00%.
                         PBA fill limit: 99.00% (inverse)

29/Nov/2022 23:24:22  Boundary conditions: 
                      
                        YZsymmetry: none
                        XZsymmetry: none
                        XYsymmetry: none
                      
                        Xmin: expanded open, 4 Layer, depth 12.5476 mm
                        Xmax: expanded open, 4 Layer, depth 12.5476 mm
                      
                        Ymin: expanded open, 4 Layer, depth 11.7364 mm
                        Ymax: expanded open, 4 Layer, depth 12.6924 mm
                      
                        Zmin: expanded open, 4 Layer, depth 11.7285 mm
                        Zmax: expanded open, 4 Layer, depth 11.7285 mm
                      
                        PML-Type: Convolution PML
                      
                      ------------------------------------------------------------------------------
29/Nov/2022 23:24:22  Frequency settings: 
                      
                        Fmin:         5
                        Fmax:         6
                        Nfsteps(lin): 1001
                      
                      ------------------------------------------------------------------------------
29/Nov/2022 23:24:22  Port: 1
                      
29/Nov/2022 23:24:22    Discrete element, reference impedance = 50 Ohm
                      
                      ------------------------------------------------------------------------------
29/Nov/2022 23:24:22  Field update statistics:
                      
                        Number of components in total: 	217120
                        Number of TST elements:		1782
                      
                      Subcycling state:      Automatically deactivated
                      
                      ------------------------------------------------------------------------------
29/Nov/2022 23:24:48  
                      --------------------------------------------------------------------------------
29/Nov/2022 23:24:48  Steady state energy criterion met, solver finished successfully.
                      
                      ------------------------------------------------------------------------------
29/Nov/2022 23:24:48  Frequency domain results normalized to default signal.
                      
                      
                      ------------------------------------------------------------------------------
29/Nov/2022 23:24:48  
                        ----------------------------------------------------------------------------
                                            Peak memory used (kB)         Free physical memory (kB) 
                                                                          At begin     Minimum      
                        ----------------------------------------------------------------------------
                        CAD preparation     21916                         1486112      1486112      
                        Matrices calc.      39062                         1485351      1441406      
                        Solver run total    49816                         1520624      1437620      
                        ----------------------------------------------------------------------------
                      
                      --------------------------------------------------------------------------------
                      Solver Statistics:
                      
                        Hardware:
                           Computer name:                 	AIIH-PC 
                      
                           Number of CPU threads:               6
                           Hardware info:                  	Hardware Accelerator Device not activated
                      
                        Number of mesh cells:             	34400
                        Excitation duration:              	7.10909750e+000 ns 
                        Calculation time for excitation:  	24 	s
                        Number of calculated pulse widths:	1.00576 
                        Steady state accuracy limit:      	-35	dB 
                        Simulated number of time steps:   	22188 
                        Maximum number of time steps:     	441217 
                        Time step width:
                           without subcycles:             	3.22249427e-004 ns
                           used:                          	3.22249427e-004 ns
                      
                        CAD preparation time:             	1      	s
                        Matrix calculation time:          	12 	s
                        Solver setup time:                	2 	s
                        Solver loop time:                 	23 	s
                        Solver post processing time:      	0 	s
                                                          	------------
                        Total solver time:                	38 	s
                      
                      ------------------------------------------------------------------------------
29/Nov/2022 23:24:48  
                        Adaptive port meshing time:          	0      	s
                        Total solver time (all cycles):      	38     	s
                        solver initialization and clean-up:  	3      	s
                                                             	------------
                        Total simulation time:               	41     	s
                      
                      ------------------------------------------------------------------------------
29/Nov/2022 23:24:48  Solver finished at: 11:24 PM Tuesday, 29. November 2022
                      
                      
                      
                      ------------------------------------------------------------------------------
29/Nov/2022 23:24:52  Creating parametric 1D results for Run ID 1
                      
                      ------------------------------------------------------------------------------
